0 info it worked if it ends with ok
1 verbose cli [ 'C:\\Program Files\\nodejs\\node.exe',
1 verbose cli   'C:\\Program Files\\nodejs\\node_modules\\npm\\bin\\npm-cli.js',
1 verbose cli   'run',
1 verbose cli   'start' ]
2 info using npm@3.10.10
3 info using node@v6.10.3
4 verbose run-script [ 'prestart', 'start', 'poststart' ]
5 info lifecycle webgame@1.0.0~prestart: webgame@1.0.0
6 silly lifecycle webgame@1.0.0~prestart: no script for prestart, continuing
7 info lifecycle webgame@1.0.0~start: webgame@1.0.0
8 verbose lifecycle webgame@1.0.0~start: unsafe-perm in lifecycle true
9 verbose lifecycle webgame@1.0.0~start: PATH: C:\Program Files\nodejs\node_modules\npm\bin\node-gyp-bin;D:\Code\game\webgame\node_modules\.bin;C:\Program Files (x86)\IBM\RationalSDLC\common;C:\WINDOWS\system32;C:\WINDOWS;C:\WINDOWS\System32\Wbem;C:\WINDOWS\System32\WindowsPowerShell\v1.0\;C:\Program Files (x86)\Sennheiser\SoftphoneSDK\;C:\Program Files (x86)\Common Files\Rockwell\;C:\Program Files (x86)\Rockwell Software\RSCommon;C:\Program Files\nodejs\;C:\Program Files\Git\cmd;C:\Program Files (x86)\IBM\RationalSDLC\ClearCase\bin;C:\Program Files (x86)\IBM\gsk8\lib;C:\Program Files (x86)\IBM\gsk8\bin;C:\Program Files (x86)\Rockwell Automation\Common\Components;C:\Program Files\Microsoft SQL Server\130\Tools\Binn\;C:\Program Files (x86)\Collaborator Client;C:\Program Files (x86)\PuTTY\;C:\Program Files\TortoiseGit\bin;C:\Users\N0429884\AppData\Roaming\npm;C:\Users\N0429884\AppData\Local\Programs\Fiddler;C:\Program Files\Microsoft VS Code\bin
10 verbose lifecycle webgame@1.0.0~start: CWD: D:\Code\game\webgame
11 silly lifecycle webgame@1.0.0~start: Args: [ '/d /s /c',
11 silly lifecycle   'nodemon src/app.js  --exec "npm run lint && node"' ]
12 silly lifecycle webgame@1.0.0~start: Returned: code: 3221225786  signal: null
13 info lifecycle webgame@1.0.0~start: Failed to exec start script
14 verbose stack Error: webgame@1.0.0 start: `nodemon src/app.js  --exec "npm run lint && node"`
14 verbose stack Exit status 3221225786
14 verbose stack     at EventEmitter.<anonymous> (C:\Program Files\nodejs\node_modules\npm\lib\utils\lifecycle.js:255:16)
14 verbose stack     at emitTwo (events.js:106:13)
14 verbose stack     at EventEmitter.emit (events.js:191:7)
14 verbose stack     at ChildProcess.<anonymous> (C:\Program Files\nodejs\node_modules\npm\lib\utils\spawn.js:40:14)
14 verbose stack     at emitTwo (events.js:106:13)
14 verbose stack     at ChildProcess.emit (events.js:191:7)
14 verbose stack     at maybeClose (internal/child_process.js:886:16)
14 verbose stack     at Process.ChildProcess._handle.onexit (internal/child_process.js:226:5)
15 verbose pkgid webgame@1.0.0
16 verbose cwd D:\Code\game\webgame
17 error Windows_NT 6.1.7601
18 error argv "C:\\Program Files\\nodejs\\node.exe" "C:\\Program Files\\nodejs\\node_modules\\npm\\bin\\npm-cli.js" "run" "start"
19 error node v6.10.3
20 error npm  v3.10.10
21 error code ELIFECYCLE
22 error webgame@1.0.0 start: `nodemon src/app.js  --exec "npm run lint && node"`
22 error Exit status 3221225786
23 error Failed at the webgame@1.0.0 start script 'nodemon src/app.js  --exec "npm run lint && node"'.
23 error Make sure you have the latest version of node.js and npm installed.
23 error If you do, this is most likely a problem with the webgame package,
23 error not with npm itself.
23 error Tell the author that this fails on your system:
23 error     nodemon src/app.js  --exec "npm run lint && node"
23 error You can get information on how to open an issue for this project with:
23 error     npm bugs webgame
23 error Or if that isn't available, you can get their info via:
23 error     npm owner ls webgame
23 error There is likely additional logging output above.
24 verbose exit [ 1, true ]
